<?xml version="1.0" encoding="UTF-8"?>
<testng-results ignored="0" total="1" passed="1" failed="0" skipped="0">
  <reporter-output>
  </reporter-output>
  <suite started-at="2025-11-02T16:32:57 IST" name="Surefire suite" finished-at="2025-11-02T16:33:09 IST" duration-ms="11580">
    <groups>
    </groups>
    <test started-at="2025-11-02T16:32:57 IST" name="Surefire test" finished-at="2025-11-02T16:33:09 IST" duration-ms="11580">
      <class name="com.example.TestClass">
        <test-method is-config="true" signature="setUp(java.lang.String,java.lang.String)[pri:0, instance:com.example.TestClass@143640d5]" started-at="2025-11-02T16:32:57 IST" name="setUp" finished-at="2025-11-02T16:33:08 IST" duration-ms="10270" status="PASS">
          <params>
            <param index="0">
              <value>
                <![CDATA[chrome]]>
              </value>
            </param>
            <param index="1">
              <value>
                <![CDATA[https://practicetestautomation.com/practice-test-login/]]>
              </value>
            </param>
          </params>
          <reporter-output>
          </reporter-output>
        </test-method> <!-- setUp -->
        <test-method signature="testValidLogin()[pri:0, instance:com.example.TestClass@143640d5]" started-at="2025-11-02T16:33:08 IST" name="testValidLogin" finished-at="2025-11-02T16:33:09 IST" duration-ms="1002" status="PASS">
          <reporter-output>
          </reporter-output>
        </test-method> <!-- testValidLogin -->
        <test-method is-config="true" signature="tearDown()[pri:0, instance:com.example.TestClass@143640d5]" started-at="2025-11-02T16:33:09 IST" name="tearDown" finished-at="2025-11-02T16:33:09 IST" duration-ms="287" status="PASS">
          <reporter-output>
          </reporter-output>
        </test-method> <!-- tearDown -->
      </class> <!-- com.example.TestClass -->
    </test> <!-- Surefire test -->
  </suite> <!-- Surefire suite -->
</testng-results>
